# JRE version: OpenJDK Runtime Environment (8.0_152-b02) (build 1.8.0_152-release-1024-b02)
# Java VM: OpenJDK 64-Bit Server VM (25.152-b02 mixed mode windows-amd64 compressed oops)
Heap:
 PSYoungGen      total 165376K, used 48443K [0x00000000e0000000, 0x00000000ecf00000, 0x0000000100000000)
  eden space 153088K, 23% used [0x00000000e0000000,0x00000000e23508c0,0x00000000e9580000)
  from space 12288K, 99% used [0x00000000ea400000,0x00000000eaffe698,0x00000000eb000000)
  to   space 14848K, 0% used [0x00000000e9580000,0x00000000e9580000,0x00000000ea400000)
 ParOldGen       total 99840K, used 21133K [0x00000000a0000000, 0x00000000a6180000, 0x00000000e0000000)
  object space 99840K, 21% used [0x00000000a0000000,0x00000000a14a3788,0x00000000a6180000)
 Metaspace       used 48014K, capacity 49198K, committed 49408K, reserved 1091584K
  class space    used 6505K, capacity 6806K, committed 6912K, reserved 1048576K
GC Heap History (10 events):
Event: 8.418 GC heap before
{Heap before GC invocations=6 (full 1):
 PSYoungGen      total 71680K, used 5112K [0x00000000e0000000, 0x00000000e9500000, 0x0000000100000000)
  eden space 66560K, 0% used [0x00000000e0000000,0x00000000e0000000,0x00000000e4100000)
  from space 5120K, 99% used [0x00000000e4100000,0x00000000e45fe060,0x00000000e4600000)
  to   space 9728K, 0% used [0x00000000e8b80000,0x00000000e8b80000,0x00000000e9500000)
 ParOldGen       total 87552K, used 8889K [0x00000000a0000000, 0x00000000a5580000, 0x00000000e0000000)
  object space 87552K, 10% used [0x00000000a0000000,0x00000000a08ae668,0x00000000a5580000)
 Metaspace       used 20805K, capacity 21212K, committed 21248K, reserved 1067008K
  class space    used 2896K, capacity 3042K, committed 3072K, reserved 1048576K
Event: 8.525 GC heap after
Heap after GC invocations=6 (full 1):
 PSYoungGen      total 71680K, used 0K [0x00000000e0000000, 0x00000000e9500000, 0x0000000100000000)
  eden space 66560K, 0% used [0x00000000e0000000,0x00000000e0000000,0x00000000e4100000)
  from space 5120K, 0% used [0x00000000e4100000,0x00000000e4100000,0x00000000e4600000)
  to   space 9728K, 0% used [0x00000000e8b80000,0x00000000e8b80000,0x00000000e9500000)
 ParOldGen       total 59904K, used 8030K [0x00000000a0000000, 0x00000000a3a80000, 0x00000000e0000000)
  object space 59904K, 13% used [0x00000000a0000000,0x00000000a07d7918,0x00000000a3a80000)
 Metaspace       used 20805K, capacity 21212K, committed 21248K, reserved 1067008K
  class space    used 2896K, capacity 3042K, committed 3072K, reserved 1048576K
}
Event: 10.932 GC heap before
{Heap before GC invocations=7 (full 1):
 PSYoungGen      total 71680K, used 66560K [0x00000000e0000000, 0x00000000e9500000, 0x0000000100000000)
  eden space 66560K, 100% used [0x00000000e0000000,0x00000000e4100000,0x00000000e4100000)
  from space 5120K, 0% used [0x00000000e4100000,0x00000000e4100000,0x00000000e4600000)
  to   space 9728K, 0% used [0x00000000e8b80000,0x00000000e8b80000,0x00000000e9500000)
 ParOldGen       total 59904K, used 8030K [0x00000000a0000000, 0x00000000a3a80000, 0x00000000e0000000)
  object space 59904K, 13% used [0x00000000a0000000,0x00000000a07d7918,0x00000000a3a80000)
 Metaspace       used 26685K, capacity 27196K, committed 27392K, reserved 1073152K
  class space    used 3680K, capacity 3833K, committed 3840K, reserved 1048576K
Event: 10.947 GC heap after
Heap after GC invocations=7 (full 1):
 PSYoungGen      total 110592K, used 7414K [0x00000000e0000000, 0x00000000e9300000, 0x0000000100000000)
  eden space 102912K, 0% used [0x00000000e0000000,0x00000000e0000000,0x00000000e6480000)
  from space 7680K, 96% used [0x00000000e8b80000,0x00000000e92bdb20,0x00000000e9300000)
  to   space 9728K, 0% used [0x00000000e8000000,0x00000000e8000000,0x00000000e8980000)
 ParOldGen       total 59904K, used 8038K [0x00000000a0000000, 0x00000000a3a80000, 0x00000000e0000000)
  object space 59904K, 13% used [0x00000000a0000000,0x00000000a07d9918,0x00000000a3a80000)
 Metaspace       used 26685K, capacity 27196K, committed 27392K, reserved 1073152K
  class space    used 3680K, capacity 3833K, committed 3840K, reserved 1048576K
}
Event: 13.959 GC heap before
{Heap before GC invocations=8 (full 1):
 PSYoungGen      total 110592K, used 93730K [0x00000000e0000000, 0x00000000e9300000, 0x0000000100000000)
  eden space 102912K, 83% used [0x00000000e0000000,0x00000000e544ae70,0x00000000e6480000)
  from space 7680K, 96% used [0x00000000e8b80000,0x00000000e92bdb20,0x00000000e9300000)
  to   space 9728K, 0% used [0x00000000e8000000,0x00000000e8000000,0x00000000e8980000)
 ParOldGen       total 59904K, used 8038K [0x00000000a0000000, 0x00000000a3a80000, 0x00000000e0000000)
  object space 59904K, 13% used [0x00000000a0000000,0x00000000a07d9918,0x00000000a3a80000)
 Metaspace       used 34703K, capacity 35322K, committed 35416K, reserved 1079296K
  class space    used 4785K, capacity 4971K, committed 4992K, reserved 1048576K
Event: 13.985 GC heap after
Heap after GC invocations=8 (full 1):
 PSYoungGen      total 140800K, used 9718K [0x00000000e0000000, 0x00000000eb000000, 0x0000000100000000)
  eden space 131072K, 0% used [0x00000000e0000000,0x00000000e0000000,0x00000000e8000000)
  from space 9728K, 99% used [0x00000000e8000000,0x00000000e897d850,0x00000000e8980000)
  to   space 12288K, 0% used [0x00000000ea400000,0x00000000ea400000,0x00000000eb000000)
 ParOldGen       total 59904K, used 11055K [0x00000000a0000000, 0x00000000a3a80000, 0x00000000e0000000)
  object space 59904K, 18% used [0x00000000a0000000,0x00000000a0acbeb8,0x00000000a3a80000)
 Metaspace       used 34703K, capacity 35322K, committed 35416K, reserved 1079296K
  class space    used 4785K, capacity 4971K, committed 4992K, reserved 1048576K
}
Event: 13.985 GC heap before
{Heap before GC invocations=9 (full 2):
 PSYoungGen      total 140800K, used 9718K [0x00000000e0000000, 0x00000000eb000000, 0x0000000100000000)
  eden space 131072K, 0% used [0x00000000e0000000,0x00000000e0000000,0x00000000e8000000)
  from space 9728K, 99% used [0x00000000e8000000,0x00000000e897d850,0x00000000e8980000)
  to   space 12288K, 0% used [0x00000000ea400000,0x00000000ea400000,0x00000000eb000000)
 ParOldGen       total 59904K, used 11055K [0x00000000a0000000, 0x00000000a3a80000, 0x00000000e0000000)
  object space 59904K, 18% used [0x00000000a0000000,0x00000000a0acbeb8,0x00000000a3a80000)
 Metaspace       used 34703K, capacity 35322K, committed 35416K, reserved 1079296K
  class space    used 4785K, capacity 4971K, committed 4992K, reserved 1048576K
Event: 14.126 GC heap after
Heap after GC invocations=9 (full 2):
 PSYoungGen      total 140800K, used 0K [0x00000000e0000000, 0x00000000eb000000, 0x0000000100000000)
  eden space 131072K, 0% used [0x00000000e0000000,0x00000000e0000000,0x00000000e8000000)
  from space 9728K, 0% used [0x00000000e8000000,0x00000000e8000000,0x00000000e8980000)
  to   space 12288K, 0% used [0x00000000ea400000,0x00000000ea400000,0x00000000eb000000)
 ParOldGen       total 99840K, used 19370K [0x00000000a0000000, 0x00000000a6180000, 0x00000000e0000000)
  object space 99840K, 19% used [0x00000000a0000000,0x00000000a12eaae0,0x00000000a6180000)
 Metaspace       used 34703K, capacity 35322K, committed 35416K, reserved 1079296K
  class space    used 4785K, capacity 4971K, committed 4992K, reserved 1048576K
}
Event: 18.627 GC heap before
{Heap before GC invocations=10 (full 2):
 PSYoungGen      total 140800K, used 131072K [0x00000000e0000000, 0x00000000eb000000, 0x0000000100000000)
  eden space 131072K, 100% used [0x00000000e0000000,0x00000000e8000000,0x00000000e8000000)
  from space 9728K, 0% used [0x00000000e8000000,0x00000000e8000000,0x00000000e8980000)
  to   space 12288K, 0% used [0x00000000ea400000,0x00000000ea400000,0x00000000eb000000)
 ParOldGen       total 99840K, used 19370K [0x00000000a0000000, 0x00000000a6180000, 0x00000000e0000000)
  object space 99840K, 19% used [0x00000000a0000000,0x00000000a12eaae0,0x00000000a6180000)
 Metaspace       used 43101K, capacity 43982K, committed 44160K, reserved 1087488K
  class space    used 5934K, capacity 6206K, committed 6272K, reserved 1048576K
Event: 18.665 GC heap after
Heap after GC invocations=10 (full 2):
 PSYoungGen      total 165376K, used 12281K [0x00000000e0000000, 0x00000000ecf00000, 0x0000000100000000)
  eden space 153088K, 0% used [0x00000000e0000000,0x00000000e0000000,0x00000000e9580000)
  from space 12288K, 99% used [0x00000000ea400000,0x00000000eaffe698,0x00000000eb000000)
  to   space 14848K, 0% used [0x00000000e9580000,0x00000000e9580000,0x00000000ea400000)
 ParOldGen       total 99840K, used 21133K [0x00000000a0000000, 0x00000000a6180000, 0x00000000e0000000)
  object space 99840K, 21% used [0x00000000a0000000,0x00000000a14a3788,0x00000000a6180000)
 Metaspace       used 43101K, capacity 43982K, committed 44160K, reserved 1087488K
  class space    used 5934K, capacity 6206K, committed 6272K, reserved 1048576K
}

