# JRE version: OpenJDK Runtime Environment (8.0_152-b02) (build 1.8.0_152-release-1024-b02)
# Java VM: OpenJDK 64-Bit Server VM (25.152-b02 mixed mode windows-amd64 compressed oops)
Heap:
 PSYoungGen      total 477184K, used 123712K [0x00000000e0000000, 0x00000000ffe80000, 0x0000000100000000)
  eden space 432640K, 26% used [0x00000000e0000000,0x00000000e7059dd0,0x00000000fa680000)
  from space 44544K, 19% used [0x00000000fd300000,0x00000000fdb76380,0x00000000ffe80000)
  to   space 45056K, 0% used [0x00000000fa680000,0x00000000fa680000,0x00000000fd280000)
 ParOldGen       total 141824K, used 105744K [0x00000000a0000000, 0x00000000a8a80000, 0x00000000e0000000)
  object space 141824K, 74% used [0x00000000a0000000,0x00000000a67443d8,0x00000000a8a80000)
 Metaspace       used 92541K, capacity 96628K, committed 96856K, reserved 1134592K
  class space    used 11759K, capacity 12631K, committed 12672K, reserved 1048576K
GC Heap History (10 events):
Event: 253.496 GC heap before
{Heap before GC invocations=23 (full 3):
 PSYoungGen      total 445440K, used 441358K [0x00000000e0000000, 0x0000000100000000, 0x0000000100000000)
  eden space 405504K, 100% used [0x00000000e0000000,0x00000000f8c00000,0x00000000f8c00000)
  from space 39936K, 89% used [0x00000000f8c00000,0x00000000faf03b20,0x00000000fb300000)
  to   space 44544K, 0% used [0x00000000fd480000,0x00000000fd480000,0x0000000100000000)
 ParOldGen       total 141824K, used 74858K [0x00000000a0000000, 0x00000000a8a80000, 0x00000000e0000000)
  object space 141824K, 52% used [0x00000000a0000000,0x00000000a491ab20,0x00000000a8a80000)
 Metaspace       used 90678K, capacity 94428K, committed 94552K, reserved 1132544K
  class space    used 11532K, capacity 12349K, committed 12416K, reserved 1048576K
Event: 253.625 GC heap after
Heap after GC invocations=23 (full 3):
 PSYoungGen      total 471552K, used 36561K [0x00000000e0000000, 0x0000000100000000, 0x0000000100000000)
  eden space 427008K, 0% used [0x00000000e0000000,0x00000000e0000000,0x00000000fa100000)
  from space 44544K, 82% used [0x00000000fd480000,0x00000000ff834608,0x0000000100000000)
  to   space 48640K, 0% used [0x00000000fa100000,0x00000000fa100000,0x00000000fd080000)
 ParOldGen       total 141824K, used 74866K [0x00000000a0000000, 0x00000000a8a80000, 0x00000000e0000000)
  object space 141824K, 52% used [0x00000000a0000000,0x00000000a491cb20,0x00000000a8a80000)
 Metaspace       used 90678K, capacity 94428K, committed 94552K, reserved 1132544K
  class space    used 11532K, capacity 12349K, committed 12416K, reserved 1048576K
}
Event: 256.193 GC heap before
{Heap before GC invocations=24 (full 3):
 PSYoungGen      total 471552K, used 463569K [0x00000000e0000000, 0x0000000100000000, 0x0000000100000000)
  eden space 427008K, 100% used [0x00000000e0000000,0x00000000fa100000,0x00000000fa100000)
  from space 44544K, 82% used [0x00000000fd480000,0x00000000ff834608,0x0000000100000000)
  to   space 48640K, 0% used [0x00000000fa100000,0x00000000fa100000,0x00000000fd080000)
 ParOldGen       total 141824K, used 74866K [0x00000000a0000000, 0x00000000a8a80000, 0x00000000e0000000)
  object space 141824K, 52% used [0x00000000a0000000,0x00000000a491cb20,0x00000000a8a80000)
 Metaspace       used 90694K, capacity 94492K, committed 94808K, reserved 1132544K
  class space    used 11532K, capacity 12349K, committed 12416K, reserved 1048576K
Event: 256.975 GC heap after
Heap after GC invocations=24 (full 3):
 PSYoungGen      total 475648K, used 28576K [0x00000000e0000000, 0x0000000100000000, 0x0000000100000000)
  eden space 427008K, 0% used [0x00000000e0000000,0x00000000e0000000,0x00000000fa100000)
  from space 48640K, 58% used [0x00000000fa100000,0x00000000fbce8250,0x00000000fd080000)
  to   space 48640K, 0% used [0x00000000fd080000,0x00000000fd080000,0x0000000100000000)
 ParOldGen       total 141824K, used 85149K [0x00000000a0000000, 0x00000000a8a80000, 0x00000000e0000000)
  object space 141824K, 60% used [0x00000000a0000000,0x00000000a53275a0,0x00000000a8a80000)
 Metaspace       used 90694K, capacity 94492K, committed 94808K, reserved 1132544K
  class space    used 11532K, capacity 12349K, committed 12416K, reserved 1048576K
}
Event: 261.199 GC heap before
{Heap before GC invocations=25 (full 3):
 PSYoungGen      total 475648K, used 455584K [0x00000000e0000000, 0x0000000100000000, 0x0000000100000000)
  eden space 427008K, 100% used [0x00000000e0000000,0x00000000fa100000,0x00000000fa100000)
  from space 48640K, 58% used [0x00000000fa100000,0x00000000fbce8250,0x00000000fd080000)
  to   space 48640K, 0% used [0x00000000fd080000,0x00000000fd080000,0x0000000100000000)
 ParOldGen       total 141824K, used 85149K [0x00000000a0000000, 0x00000000a8a80000, 0x00000000e0000000)
  object space 141824K, 60% used [0x00000000a0000000,0x00000000a53275a0,0x00000000a8a80000)
 Metaspace       used 90725K, capacity 94496K, committed 94808K, reserved 1132544K
  class space    used 11533K, capacity 12349K, committed 12416K, reserved 1048576K
Event: 261.354 GC heap after
Heap after GC invocations=25 (full 3):
 PSYoungGen      total 471552K, used 23821K [0x00000000e0000000, 0x00000000ffc00000, 0x0000000100000000)
  eden space 427008K, 0% used [0x00000000e0000000,0x00000000e0000000,0x00000000fa100000)
  from space 44544K, 53% used [0x00000000fd080000,0x00000000fe7c35c0,0x00000000ffc00000)
  to   space 46592K, 0% used [0x00000000fa100000,0x00000000fa100000,0x00000000fce80000)
 ParOldGen       total 141824K, used 90249K [0x00000000a0000000, 0x00000000a8a80000, 0x00000000e0000000)
  object space 141824K, 63% used [0x00000000a0000000,0x00000000a5822410,0x00000000a8a80000)
 Metaspace       used 90725K, capacity 94496K, committed 94808K, reserved 1132544K
  class space    used 11533K, capacity 12349K, committed 12416K, reserved 1048576K
}
Event: 263.807 GC heap before
{Heap before GC invocations=26 (full 3):
 PSYoungGen      total 471552K, used 450829K [0x00000000e0000000, 0x00000000ffc00000, 0x0000000100000000)
  eden space 427008K, 100% used [0x00000000e0000000,0x00000000fa100000,0x00000000fa100000)
  from space 44544K, 53% used [0x00000000fd080000,0x00000000fe7c35c0,0x00000000ffc00000)
  to   space 46592K, 0% used [0x00000000fa100000,0x00000000fa100000,0x00000000fce80000)
 ParOldGen       total 141824K, used 90249K [0x00000000a0000000, 0x00000000a8a80000, 0x00000000e0000000)
  object space 141824K, 63% used [0x00000000a0000000,0x00000000a5822410,0x00000000a8a80000)
 Metaspace       used 90744K, capacity 94496K, committed 94808K, reserved 1132544K
  class space    used 11533K, capacity 12349K, committed 12416K, reserved 1048576K
Event: 263.895 GC heap after
Heap after GC invocations=26 (full 3):
 PSYoungGen      total 473600K, used 17200K [0x00000000e0000000, 0x00000000fff00000, 0x0000000100000000)
  eden space 427008K, 0% used [0x00000000e0000000,0x00000000e0000000,0x00000000fa100000)
  from space 46592K, 36% used [0x00000000fa100000,0x00000000fb1cc1a0,0x00000000fce80000)
  to   space 45056K, 0% used [0x00000000fd300000,0x00000000fd300000,0x00000000fff00000)
 ParOldGen       total 141824K, used 97651K [0x00000000a0000000, 0x00000000a8a80000, 0x00000000e0000000)
  object space 141824K, 68% used [0x00000000a0000000,0x00000000a5f5cfe0,0x00000000a8a80000)
 Metaspace       used 90744K, capacity 94496K, committed 94808K, reserved 1132544K
  class space    used 11533K, capacity 12349K, committed 12416K, reserved 1048576K
}
Event: 289.682 GC heap before
{Heap before GC invocations=27 (full 3):
 PSYoungGen      total 473600K, used 443905K [0x00000000e0000000, 0x00000000fff00000, 0x0000000100000000)
  eden space 427008K, 99% used [0x00000000e0000000,0x00000000fa0b43a8,0x00000000fa100000)
  from space 46592K, 36% used [0x00000000fa100000,0x00000000fb1cc1a0,0x00000000fce80000)
  to   space 45056K, 0% used [0x00000000fd300000,0x00000000fd300000,0x00000000fff00000)
 ParOldGen       total 141824K, used 97651K [0x00000000a0000000, 0x00000000a8a80000, 0x00000000e0000000)
  object space 141824K, 68% used [0x00000000a0000000,0x00000000a5f5cfe0,0x00000000a8a80000)
 Metaspace       used 91470K, capacity 95368K, committed 95704K, reserved 1132544K
  class space    used 11610K, capacity 12463K, committed 12544K, reserved 1048576K
Event: 290.102 GC heap after
Heap after GC invocations=27 (full 3):
 PSYoungGen      total 477184K, used 8664K [0x00000000e0000000, 0x00000000ffe80000, 0x0000000100000000)
  eden space 432640K, 0% used [0x00000000e0000000,0x00000000e0000000,0x00000000fa680000)
  from space 44544K, 19% used [0x00000000fd300000,0x00000000fdb76380,0x00000000ffe80000)
  to   space 45056K, 0% used [0x00000000fa680000,0x00000000fa680000,0x00000000fd280000)
 ParOldGen       total 141824K, used 105744K [0x00000000a0000000, 0x00000000a8a80000, 0x00000000e0000000)
  object space 141824K, 74% used [0x00000000a0000000,0x00000000a67443d8,0x00000000a8a80000)
 Metaspace       used 91470K, capacity 95368K, committed 95704K, reserved 1132544K
  class space    used 11610K, capacity 12463K, committed 12544K, reserved 1048576K
}

